optseq2
$Id: optseq2.c,v 2.21.2.1 2011/04/21 19:50:06 greve Exp $
NoSearch  = 0
nSearch  = 10000
nKeep    = 1
PctUpdate  = 10.000000
nCB1Opt  = 0
seed     = 99119
Ntp  = 53
TR   = 1
TPreScan   = 0
PSD Window   = 0 18 1
nEvTypes = 1
EvNo    Label Duration nRepsNom
 1       evt1  0.250   13
PctVarEvReps = 0
VarEvRepsPerCond = 0
PolyOrder = -1
tNullMax = 8.75
tNullMin = 1.75
AR1 = 0
No refractory penalty
Cost = eff
OutStem = search
Summary File = search.sum

Pct nSrch MinSrch Cost Eff Cb1Err VRFAvg VRFStd VRFMin VRFMax VRFRange nSince

BeginUpdateLog
 0       1     0.0   0.350621  0.350621  0.0769  6.43029  0.861262  4.74743  7.62159  2.87416 401 0
 0       4     0.0   0.350621  0.350621  0.0769  6.43029  0.861262  4.74743  7.62159  2.87416 401 2
 0       4     0.0   0.400346  0.400346  0.0769  7.28334  0.776154  5.82297  8.55354  2.73057 415 0
 0      12     0.0   0.400346  0.400346  0.0769  7.28334  0.776154  5.82297  8.55354  2.73057 415 7
 0      12     0.0   0.408654  0.408654  0.0769  7.47874  0.98119  5.86174  9.06103  3.1993 294 0
 0      32     0.0   0.408654  0.408654  0.0769  7.47874  0.98119  5.86174  9.06103  3.1993 294 19
 0      32     0.0   0.409332  0.409332  0.0769  7.48218  0.958295  6.16974  8.85052  2.68078 290 0
 1     110     0.0   0.409332  0.409332  0.0769  7.48218  0.958295  6.16974  8.85052  2.68078 290 77
 1     110     0.0   0.409896  0.409896  0.0769  7.46778  0.843992  6.10587  8.94888  2.84302 352 0
 1     184     0.0   0.409896  0.409896  0.0769  7.46778  0.843992  6.10587  8.94888  2.84302 352 73
 1     184     0.0   0.417013  0.417013  0.0769  7.61813  0.93662  6.28955  8.97532  2.68577 307 0
 1     188     0.0   0.417013  0.417013  0.0769  7.61813  0.93662  6.28955  8.97532  2.68577 307 3
 1     188     0.0   0.432595  0.432595  0.0769  7.85414  0.730835  6.34797  8.99404  2.64606 379 0
11    1100     0.0   0.432595  0.432595  0.0769  7.85414  0.730835  6.34797  8.99404  2.64606 379 912
12    1228     0.0   0.432595  0.432595  0.0769  7.85414  0.730835  6.34797  8.99404  2.64606 379 1039
12    1228     0.0   0.436581  0.436581  0.0769  7.982  0.98867  6.26535  9.35583  3.09048 406 0
22    2200     0.0   0.436581  0.436581  0.0769  7.982  0.98867  6.26535  9.35583  3.09048 406 972
22    2245     0.0   0.436581  0.436581  0.0769  7.982  0.98867  6.26535  9.35583  3.09048 406 1016
22    2245     0.0   0.452374  0.452374  0.0769  8.21683  0.795761  6.93776  9.343  2.40525 377 0
33    3300     0.0   0.452374  0.452374  0.0769  8.21683  0.795761  6.93776  9.343  2.40525 377 1055
44    4400     0.0   0.452374  0.452374  0.0769  8.21683  0.795761  6.93776  9.343  2.40525 377 2155
55    5500     0.0   0.452374  0.452374  0.0769  8.21683  0.795761  6.93776  9.343  2.40525 377 3255
66    6600     0.0   0.452374  0.452374  0.0769  8.21683  0.795761  6.93776  9.343  2.40525 377 4355
77    7700     0.0   0.452374  0.452374  0.0769  8.21683  0.795761  6.93776  9.343  2.40525 377 5455
88    8800     0.0   0.452374  0.452374  0.0769  8.21683  0.795761  6.93776  9.343  2.40525 377 6555
99    9900     0.0   0.452374  0.452374  0.0769  8.21683  0.795761  6.93776  9.343  2.40525 377 7655
100   10000     0.0   0.452374  0.452374  0.0769  8.21683  0.795761  6.93776  9.343  2.40525 377 7755
EndUpdateLog

Done
